[2024-08-08T18:06:52.876655+00:00] app_logs.ERROR: admin@bng.com - login inválido [] []
[2024-08-08T18:07:20.992762+00:00] app_logs.INFO: admin@bng.com - login com sucesso [] []
[2024-08-08T18:07:32.749149+00:00] app_logs.INFO:  - fez logout [] []
[2024-08-08T18:09:06.683064+00:00] app_logs.INFO:  - fez logout [] []
[2024-08-08T18:09:31.823813+00:00] app_logs.INFO: admin@bng.com - login com sucesso [] []
[2024-08-08T18:09:37.149303+00:00] app_logs.INFO:  - fez logout [] []
[2024-08-08T18:12:34.721490+00:00] app_logs.INFO: admin@bng.com - login com sucesso [] []
[2024-08-08T18:14:39.022656+00:00] app_logs.INFO:  - fez logout [] []
[2024-08-08T18:15:54.709588+00:00] app_logs.INFO: admin@bng.com - login com sucesso [] []
[2024-08-08T18:15:58.960953+00:00] app_logs.INFO:  - fez logout [] []
[2024-08-08T18:25:52.654468+00:00] app_logs.INFO: admin@bng.com - login com sucesso [] []
[2024-08-08T18:27:22.992709+00:00] app_logs.INFO: admin@bng.com - login com sucesso [] []
[2024-08-08T18:27:30.848435+00:00] app_logs.INFO:  - fez logout [] []
[2024-08-08T18:28:46.587253+00:00] app_logs.INFO: admin@bng.com - login com sucesso [] []
[2024-08-08T18:29:11.881345+00:00] app_logs.INFO:  - fez logout [] []
[2024-08-08T18:32:52.191792+00:00] app_logs.INFO: admin@bng.com - login com sucesso [] []
[2024-08-08T18:33:01.620359+00:00] app_logs.INFO:  - fez logout [] []
[2024-08-08T18:35:42.214572+00:00] app_logs.INFO: admin@bng.com - login com sucesso [] []
[2024-08-08T18:57:59.855376+00:00] app_logs.INFO: admin@bng.com - login com sucesso [] []
[2024-08-08T18:58:07.769483+00:00] app_logs.INFO:  - fez logout [] []
[2024-08-08T19:06:15.596578+00:00] app_logs.INFO: admin@bng.com - login com sucesso [] []
[2024-08-08T19:06:23.117186+00:00] app_logs.INFO:  - fez logout [] []
[2024-08-08T19:12:00.441881+00:00] app_logs.INFO: admin@bng.com - login com sucesso [] []
[2024-08-08T19:14:13.335599+00:00] app_logs.INFO: admin@bng.com - login com sucesso [] []
[2024-08-08T19:14:19.363193+00:00] app_logs.INFO: admin@bng.com - fez logout [] []
[2024-08-08T19:19:28.743109+00:00] app_logs.INFO: admin@bng.com - login com sucesso [] []
[2024-08-08T19:19:37.546391+00:00] app_logs.INFO: admin@bng.com - fez logout [] []
[2024-08-08T19:48:50.859595+00:00] app_logs.INFO: admin@bng.com - login com sucesso [] []
[2024-08-08T19:49:05.424963+00:00] app_logs.INFO: admin@bng.com - fez logout [] []
[2024-08-08T19:49:56.433093+00:00] app_logs.INFO: agente1@bng.com - login com sucesso [] []
[2024-08-08T19:50:02.430764+00:00] app_logs.INFO: agente1@bng.com - fez logout [] []
[2024-08-08T19:50:40.143337+00:00] app_logs.INFO: agente1@bng.com - login com sucesso [] []
[2024-08-08T20:27:54.027183+00:00] app_logs.INFO: agente1@bng.com - fez logout [] []
[2024-08-08T20:29:52.396307+00:00] app_logs.INFO: admin@bng.com - login com sucesso [] []
[2024-08-08T20:31:25.945473+00:00] app_logs.INFO: agente1@bng.com - login com sucesso [] []
[2024-08-08T20:31:48.851791+00:00] app_logs.INFO: agente1@bng.com - login com sucesso [] []
[2024-08-08T20:32:18.187130+00:00] app_logs.INFO: agente1@bng.com - login com sucesso [] []
[2024-08-08T20:34:35.523447+00:00] app_logs.INFO: agente1@bng.com - login com sucesso [] []
[2024-08-08T20:36:28.103028+00:00] app_logs.INFO: agente1@bng.com - login com sucesso [] []
[2024-08-08T20:36:43.936714+00:00] app_logs.INFO: agente1@bng.com - login com sucesso [] []
[2024-08-08T20:40:07.380754+00:00] app_logs.INFO: agente1@bng.com - login com sucesso [] []
[2024-08-08T20:49:30.275362+00:00] app_logs.INFO: agente1@bng.com - login com sucesso [] []
[2024-08-08T20:51:01.979262+00:00] app_logs.INFO: agente1@bng.com - login com sucesso [] []
[2024-08-08T20:51:42.088126+00:00] app_logs.INFO: agente1@bng.com - fez logout [] []
[2024-08-08T21:00:43.924050+00:00] app_logs.INFO: agente1@bng.com - login com sucesso [] []
[2024-08-08T21:02:45.756846+00:00] app_logs.INFO: agente1@bng.com - fez logout [] []
[2024-08-08T21:03:09.283019+00:00] app_logs.INFO: agente1@bng.com - login com sucesso [] []
[2024-08-09T19:23:46.595774+00:00] app_logs.INFO: agente1@bng.com - login com sucesso [] []
[2024-08-09T20:28:40.040954+00:00] app_logs.INFO: agente1@bng.com - login com sucesso [] []
[2024-08-09T20:29:11.759384+00:00] app_logs.INFO: agente1@bng.com - login com sucesso [] []
[2024-08-09T20:31:13.712521+00:00] app_logs.INFO: agente1@bng.com - login com sucesso [] []
[2024-08-09T21:17:00.841352+00:00] app_logs.INFO: agente1@bng.com - login com sucesso [] []
[2024-08-09T21:29:49.372037+00:00] app_logs.INFO: agente1@bng.com - login com sucesso [] []
[2024-08-09T21:44:31.976058+00:00] app_logs.INFO: agente1@bng.com - login com sucesso [] []
[2024-08-09T21:45:51.037283+00:00] app_logs.INFO: agente1@bng.com - fez logout [] []
[2024-08-09T21:46:46.239630+00:00] app_logs.INFO: agente1@bng.com - login com sucesso [] []
[2024-08-09T21:58:51.399271+00:00] app_logs.INFO: agente1@bng.com - fez logout [] []
[2024-08-12T12:52:54.084024+00:00] app_logs.INFO: agente1@bng.com - login com sucesso [] []
[2024-08-13T19:55:17.092252+00:00] app_logs.INFO: agente1@bng.com - login com sucesso [] []
[2024-08-13T21:17:59.768565+00:00] app_logs.INFO: agente1@bng.com - fez logout [] []
[2024-08-13T21:18:07.223030+00:00] app_logs.INFO: agente1@bng.com - login com sucesso [] []
[2024-08-13T22:28:28.295599+00:00] app_logs.INFO: agente1@bng.com - fez logout [] []
[2024-08-14T13:09:26.725841+00:00] app_logs.INFO: agente1@bng.com - login com sucesso [] []
[2024-08-14T13:46:17.144168+00:00] app_logs.INFO: agente1@bng.com - login com sucesso [] []
[2024-08-14T14:12:04.199665+00:00] app_logs.INFO: agente1@bng.com - adicionou novo cliente: Rui Martins | rui@gmail.com [] []
[2024-08-14T14:42:56.811436+00:00] app_logs.INFO: agente1@bng.com - fez logout [] []
[2024-08-14T22:01:39.068906+00:00] app_logs.INFO: agente1@bng.com - login com sucesso [] []
[2024-08-14T22:18:46.026189+00:00] app_logs.INFO: agente1@bng.com - atualizou dados do cliente ID: 1 [] []
[2024-08-14T22:27:13.876416+00:00] app_logs.INFO: agente1@bng.com - atualizou dados do cliente ID: 1 [] []
[2024-08-14T22:56:51.080976+00:00] app_logs.INFO: agente1@bng.com - Eliminado o cliente id: 7 [] []
[2024-08-14T22:58:02.828135+00:00] app_logs.INFO: agente1@bng.com - fez logout [] []
